<?xml version="1.0" encoding="UTF-8"?>
<testng-results ignored="0" total="2" passed="2" failed="0" skipped="0">
  <reporter-output>
  </reporter-output>
  <suite started-at="2025-04-28T00:28:06 IST" name="Surefire suite" finished-at="2025-04-28T00:28:24 IST" duration-ms="18445">
    <groups>
    </groups>
    <test started-at="2025-04-28T00:28:06 IST" name="Surefire test" finished-at="2025-04-28T00:28:24 IST" duration-ms="18445">
      <class name="Test_Learning.TestDriver">
        <test-method is-config="true" signature="setup()[pri:0, instance:Test_Learning.TestDriver@5a63f509]" started-at="2025-04-28T00:28:06 IST" name="setup" finished-at="2025-04-28T00:28:09 IST" duration-ms="3384" status="PASS">
          <reporter-output>
          </reporter-output>
        </test-method> <!-- setup -->
        <test-method signature="OpenAmazon()[pri:0, instance:Test_Learning.TestDriver@5a63f509]" started-at="2025-04-28T00:28:09 IST" name="OpenAmazon" finished-at="2025-04-28T00:28:15 IST" duration-ms="5467" status="PASS">
          <reporter-output>
          </reporter-output>
        </test-method> <!-- OpenAmazon -->
        <test-method is-config="true" signature="tearDown()[pri:0, instance:Test_Learning.TestDriver@5a63f509]" started-at="2025-04-28T00:28:15 IST" name="tearDown" finished-at="2025-04-28T00:28:15 IST" duration-ms="535" status="PASS">
          <reporter-output>
          </reporter-output>
        </test-method> <!-- tearDown -->
        <test-method is-config="true" signature="setup()[pri:0, instance:Test_Learning.TestDriver@5a63f509]" started-at="2025-04-28T00:28:15 IST" name="setup" finished-at="2025-04-28T00:28:17 IST" duration-ms="1478" status="PASS">
          <reporter-output>
          </reporter-output>
        </test-method> <!-- setup -->
        <test-method signature="OpenFlipkart()[pri:0, instance:Test_Learning.TestDriver@5a63f509]" started-at="2025-04-28T00:28:17 IST" name="OpenFlipkart" finished-at="2025-04-28T00:28:23 IST" duration-ms="6642" status="PASS">
          <reporter-output>
          </reporter-output>
        </test-method> <!-- OpenFlipkart -->
        <test-method is-config="true" signature="tearDown()[pri:0, instance:Test_Learning.TestDriver@5a63f509]" started-at="2025-04-28T00:28:23 IST" name="tearDown" finished-at="2025-04-28T00:28:24 IST" duration-ms="864" status="PASS">
          <reporter-output>
          </reporter-output>
        </test-method> <!-- tearDown -->
      </class> <!-- Test_Learning.TestDriver -->
    </test> <!-- Surefire test -->
  </suite> <!-- Surefire suite -->
</testng-results>
