<?xml version="1.0" encoding="UTF-8"?>
<testng-results ignored="0" total="2" passed="2" failed="0" skipped="0">
  <reporter-output>
  </reporter-output>
  <suite started-at="2025-05-05T09:54:34 IST" name="Surefire suite" finished-at="2025-05-05T09:54:48 IST" duration-ms="13812">
    <groups>
    </groups>
    <test started-at="2025-05-05T09:54:34 IST" name="Surefire test" finished-at="2025-05-05T09:54:48 IST" duration-ms="13812">
      <class name="Test_Learning.TestDriver">
        <test-method is-config="true" signature="setup()[pri:0, instance:Test_Learning.TestDriver@79b06cab]" started-at="2025-05-05T09:54:34 IST" name="setup" finished-at="2025-05-05T09:54:36 IST" duration-ms="1354" status="PASS">
          <reporter-output>
          </reporter-output>
        </test-method> <!-- setup -->
        <test-method signature="OpenAmazon()[pri:0, instance:Test_Learning.TestDriver@79b06cab]" started-at="2025-05-05T09:54:36 IST" name="OpenAmazon" finished-at="2025-05-05T09:54:41 IST" duration-ms="4822" status="PASS">
          <reporter-output>
          </reporter-output>
        </test-method> <!-- OpenAmazon -->
        <test-method is-config="true" signature="tearDown()[pri:0, instance:Test_Learning.TestDriver@79b06cab]" started-at="2025-05-05T09:54:41 IST" name="tearDown" finished-at="2025-05-05T09:54:42 IST" duration-ms="1193" status="PASS">
          <reporter-output>
          </reporter-output>
        </test-method> <!-- tearDown -->
        <test-method is-config="true" signature="setup()[pri:0, instance:Test_Learning.TestDriver@79b06cab]" started-at="2025-05-05T09:54:42 IST" name="setup" finished-at="2025-05-05T09:54:43 IST" duration-ms="747" status="PASS">
          <reporter-output>
          </reporter-output>
        </test-method> <!-- setup -->
        <test-method signature="OpenFlipkart()[pri:0, instance:Test_Learning.TestDriver@79b06cab]" started-at="2025-05-05T09:54:43 IST" name="OpenFlipkart" finished-at="2025-05-05T09:54:47 IST" duration-ms="4523" status="PASS">
          <reporter-output>
          </reporter-output>
        </test-method> <!-- OpenFlipkart -->
        <test-method is-config="true" signature="tearDown()[pri:0, instance:Test_Learning.TestDriver@79b06cab]" started-at="2025-05-05T09:54:47 IST" name="tearDown" finished-at="2025-05-05T09:54:48 IST" duration-ms="1144" status="PASS">
          <reporter-output>
          </reporter-output>
        </test-method> <!-- tearDown -->
      </class> <!-- Test_Learning.TestDriver -->
    </test> <!-- Surefire test -->
  </suite> <!-- Surefire suite -->
</testng-results>
